08:39:03 - "scalac" is not found on the PATH.  Scala files will not be recompiled
08:41:38 - !! Missing server jar file. Aborting !!
12:56:21 - "scalac" is not found on the PATH.  Scala files will not be recompiled
12:56:37 - !! Can not find server sources, try decompiling !!
12:56:47 - "scalac" is not found on the PATH.  Scala files will not be recompiled
12:56:57 - !! Can not find server md5s !!
16:10:28 - "scalac" is not found on the PATH.  Scala files will not be recompiled
16:10:45 - !! Can not find server sources, try decompiling !!
16:10:52 - "scalac" is not found on the PATH.  Scala files will not be recompiled
16:11:03 - !! Can not find server md5s !!
17:34:28 - "scalac" is not found on the PATH.  Scala files will not be recompiled
17:34:45 - !! Can not find server sources, try decompiling !!
17:35:18 - "scalac" is not found on the PATH.  Scala files will not be recompiled
17:35:28 - !! Can not find server md5s !!
18:16:31 - "scalac" is not found on the PATH.  Scala files will not be recompiled
18:16:43 - !! Can not find server sources, try decompiling !!
18:16:54 - "scalac" is not found on the PATH.  Scala files will not be recompiled
18:17:02 - !! Can not find server md5s !!
18:19:00 - "scalac" is not found on the PATH.  Scala files will not be recompiled
18:19:13 - !! Can not find server sources, try decompiling !!
18:19:21 - "scalac" is not found on the PATH.  Scala files will not be recompiled
18:19:30 - !! Can not find server md5s !!
18:21:25 - "scalac" is not found on the PATH.  Scala files will not be recompiled
18:21:39 - !! Can not find server sources, try decompiling !!
18:21:47 - "scalac" is not found on the PATH.  Scala files will not be recompiled
18:21:56 - !! Can not find server md5s !!
18:53:29 - "scalac" is not found on the PATH.  Scala files will not be recompiled
18:53:41 - "scalac" is not found on the PATH.  Scala files will not be recompiled
18:53:55 - !! Can not find server sources, try decompiling !!
19:03:43 - "scalac" is not found on the PATH.  Scala files will not be recompiled
19:03:53 - !! Can not find server md5s !!
08:03:53 - "scalac" is not found on the PATH.  Scala files will not be recompiled
11:16:37 - "scalac" is not found on the PATH.  Scala files will not be recompiled
11:17:37 - "scalac" is not found on the PATH.  Scala files will not be recompiled
11:18:12 - "scalac" is not found on the PATH.  Scala files will not be recompiled
11:18:25 - !! Can not find server sources, try decompiling !!
11:18:42 - "scalac" is not found on the PATH.  Scala files will not be recompiled
11:18:50 - !! Can not find server md5s !!
11:19:01 - "scalac" is not found on the PATH.  Scala files will not be recompiled
11:19:03 - !! Can not find server md5s !!
11:19:52 - "scalac" is not found on the PATH.  Scala files will not be recompiled
17:48:51 - "scalac" is not found on the PATH.  Scala files will not be recompiled
17:49:35 - "scalac" is not found on the PATH.  Scala files will not be recompiled
17:49:37 - !! Can not find server md5s !!
17:49:45 - "scalac" is not found on the PATH.  Scala files will not be recompiled
17:50:02 - "scalac" is not found on the PATH.  Scala files will not be recompiled
17:50:13 - !! Can not find server sources, try decompiling !!
17:50:21 - "scalac" is not found on the PATH.  Scala files will not be recompiled
18:04:43 - "scalac" is not found on the PATH.  Scala files will not be recompiled
18:04:55 - !! Can not find server sources, try decompiling !!
18:07:19 - "scalac" is not found on the PATH.  Scala files will not be recompiled
20:38:08 - "scalac" is not found on the PATH.  Scala files will not be recompiled
20:38:21 - !! Can not find server sources, try decompiling !!
20:38:30 - "scalac" is not found on the PATH.  Scala files will not be recompiled
20:43:44 - "scalac" is not found on the PATH.  Scala files will not be recompiled
20:43:57 - !! Can not find server sources, try decompiling !!
20:44:10 - "scalac" is not found on the PATH.  Scala files will not be recompiled
20:29:24 - "scalac" is not found on the PATH.  Scala files will not be recompiled
20:29:37 - !! Can not find server sources, try decompiling !!
20:29:41 - "scalac" is not found on the PATH.  Scala files will not be recompiled
12:21:15 - "scalac" is not found on the PATH.  Scala files will not be recompiled
12:21:27 - !! Can not find server sources, try decompiling !!
12:21:32 - "scalac" is not found on the PATH.  Scala files will not be recompiled
12:37:58 - "scalac" is not found on the PATH.  Scala files will not be recompiled
12:38:09 - !! Can not find server sources, try decompiling !!
12:38:13 - "scalac" is not found on the PATH.  Scala files will not be recompiled
12:38:34 - !! Can not find server md5s !!
16:17:21 - "scalac" is not found on the PATH.  Scala files will not be recompiled
16:17:35 - !! Can not find server sources, try decompiling !!
16:17:42 - "scalac" is not found on the PATH.  Scala files will not be recompiled
16:18:06 - '"C:\Program Files\Java\jdk1.8.0_281\bin\java" -Xincgc -Xms1024M -Xmx1024M -cp "..\bin\minecraft;..\src\minecraft;..\jars\versions\1.8\1.8.jar;..\lib;..\lib\*;..\lib;..\lib\*;..\jars\bin\minecraft.jar;..\jars\bin\jinput.jar;..\jars\bin\lwjgl.jar;..\jars\bin\lwjgl_util.jar;..\jars\libraries\net\java\jinput\jinput\2.0.5\jinput-2.0.5.jar;..\jars\libraries\org\lwjgl\lwjgl\lwjgl-platform\2.9.1\lwjgl-platform-2.9.1-natives-windows.jar;..\jars\libraries\com\ibm\icu\icu4j-core-mojang\51.2\icu4j-core-mojang-51.2.jar;..\jars\libraries\tv\twitch\twitch-external-platform\4.5\twitch-external-platform-4.5-natives-windows-64.jar;..\jars\libraries\net\sf\trove4j\trove4j\3.0.3\trove4j-3.0.3.jar;..\jars\libraries\org\apache\httpcomponents\httpcore\4.3.2\httpcore-4.3.2.jar;..\jars\libraries\org\apache\logging\log4j\log4j-api\2.0-beta9\log4j-api-2.0-beta9.jar;..\jars\libraries\org\apache\commons\commons-lang3\3.3.2\commons-lang3-3.3.2.jar;..\jars\libraries\com\paulscode\libraryjavasound\20101123\libraryjavasound-20101123.jar;..\jars\libraries\net\sf\jopt-simple\jopt-simple\4.6\jopt-simple-4.6.jar;..\jars\libraries\com\google\guava\guava\17.0\guava-17.0.jar;..\jars\libraries\commons-logging\commons-logging\1.1.3\commons-logging-1.1.3.jar;..\jars\libraries\org\apache\commons\commons-compress\1.8.1\commons-compress-1.8.1.jar;..\jars\libraries\tv\twitch\twitch\6.5\twitch-6.5.jar;..\jars\libraries\com\paulscode\codecjorbis\20101023\codecjorbis-20101023.jar;..\jars\libraries\com\paulscode\soundsystem\20120107\soundsystem-20120107.jar;..\jars\libraries\com\paulscode\librarylwjglopenal\20100824\librarylwjglopenal-20100824.jar;..\jars\libraries\org\lwjgl\lwjgl\lwjgl_util\2.9.1\lwjgl_util-2.9.1.jar;..\jars\libraries\commons-codec\commons-codec\1.9\commons-codec-1.9.jar;..\jars\libraries\net\java\jutils\jutils\1.0.0\jutils-1.0.0.jar;..\jars\libraries\org\lwjgl\lwjgl\lwjgl\2.9.1\lwjgl-2.9.1.jar;..\jars\libraries\commons-io\commons-io\2.4\commons-io-2.4.jar;..\jars\libraries\com\mojang\realms\1.6.1\realms-1.6.1.jar;..\jars\libraries\com\mojang\authlib\1.5.21\authlib-1.5.21.jar;..\jars\libraries\com\google\code\gson\gson\2.2.4\gson-2.2.4.jar;..\jars\libraries\java3d\vecmath\1.5.2\vecmath-1.5.2.jar;..\jars\libraries\com\mojang\netty\1.6\netty-1.6.jar;..\jars\libraries\io\netty\netty-all\4.0.15.Final\netty-all-4.0.15.Final.jar;..\jars\libraries\com\paulscode\codecwav\20101023\codecwav-20101023.jar;..\jars\libraries\tv\twitch\twitch-platform\6.5\twitch-platform-6.5-natives-windows-64.jar;..\jars\libraries\net\java\jinput\jinput-platform\2.0.5\jinput-platform-2.0.5-natives-windows.jar;..\jars\libraries\org\apache\logging\log4j\log4j-core\2.0-beta9\log4j-core-2.0-beta9.jar;..\jars\libraries\org\apache\httpcomponents\httpclient\4.3.3\httpclient-4.3.3.jar" -Djava.library.path=..\jars\versions\1.8\1.8-natives Start' failed : -805306369
16:18:06 - FATAL ERROR
Traceback (most recent call last):
  File "runtime\startclient.py", line 42, in startclient
  File "C:\Users\cziep\Desktop\PingMod\GitHub\PingMod_Download\PingMod\runtime\commands.py", line 1605, in startclient
    self.runmc(forkcmd)
  File "C:\Users\cziep\Desktop\PingMod\GitHub\PingMod_Download\PingMod\runtime\commands.py", line 1645, in runmc
    raise CalledProcessError(process.returncode, forkcmd, output)
CalledProcessError: Command '"C:\Program Files\Java\jdk1.8.0_281\bin\java" -Xincgc -Xms1024M -Xmx1024M -cp "..\bin\minecraft;..\src\minecraft;..\jars\versions\1.8\1.8.jar;..\lib;..\lib\*;..\lib;..\lib\*;..\jars\bin\minecraft.jar;..\jars\bin\jinput.jar;..\jars\bin\lwjgl.jar;..\jars\bin\lwjgl_util.jar;..\jars\libraries\net\java\jinput\jinput\2.0.5\jinput-2.0.5.jar;..\jars\libraries\org\lwjgl\lwjgl\lwjgl-platform\2.9.1\lwjgl-platform-2.9.1-natives-windows.jar;..\jars\libraries\com\ibm\icu\icu4j-core-mojang\51.2\icu4j-core-mojang-51.2.jar;..\jars\libraries\tv\twitch\twitch-external-platform\4.5\twitch-external-platform-4.5-natives-windows-64.jar;..\jars\libraries\net\sf\trove4j\trove4j\3.0.3\trove4j-3.0.3.jar;..\jars\libraries\org\apache\httpcomponents\httpcore\4.3.2\httpcore-4.3.2.jar;..\jars\libraries\org\apache\logging\log4j\log4j-api\2.0-beta9\log4j-api-2.0-beta9.jar;..\jars\libraries\org\apache\commons\commons-lang3\3.3.2\commons-lang3-3.3.2.jar;..\jars\libraries\com\paulscode\libraryjavasound\20101123\libraryjavasound-20101123.jar;..\jars\libraries\net\sf\jopt-simple\jopt-simple\4.6\jopt-simple-4.6.jar;..\jars\libraries\com\google\guava\guava\17.0\guava-17.0.jar;..\jars\libraries\commons-logging\commons-logging\1.1.3\commons-logging-1.1.3.jar;..\jars\libraries\org\apache\commons\commons-compress\1.8.1\commons-compress-1.8.1.jar;..\jars\libraries\tv\twitch\twitch\6.5\twitch-6.5.jar;..\jars\libraries\com\paulscode\codecjorbis\20101023\codecjorbis-20101023.jar;..\jars\libraries\com\paulscode\soundsystem\20120107\soundsystem-20120107.jar;..\jars\libraries\com\paulscode\librarylwjglopenal\20100824\librarylwjglopenal-20100824.jar;..\jars\libraries\org\lwjgl\lwjgl\lwjgl_util\2.9.1\lwjgl_util-2.9.1.jar;..\jars\libraries\commons-codec\commons-codec\1.9\commons-codec-1.9.jar;..\jars\libraries\net\java\jutils\jutils\1.0.0\jutils-1.0.0.jar;..\jars\libraries\org\lwjgl\lwjgl\lwjgl\2.9.1\lwjgl-2.9.1.jar;..\jars\libraries\commons-io\commons-io\2.4\commons-io-2.4.jar;..\jars\libraries\com\mojang\realms\1.6.1\realms-1.6.1.jar;..\jars\libraries\com\mojang\authlib\1.5.21\authlib-1.5.21.jar;..\jars\libraries\com\google\code\gson\gson\2.2.4\gson-2.2.4.jar;..\jars\libraries\java3d\vecmath\1.5.2\vecmath-1.5.2.jar;..\jars\libraries\com\mojang\netty\1.6\netty-1.6.jar;..\jars\libraries\io\netty\netty-all\4.0.15.Final\netty-all-4.0.15.Final.jar;..\jars\libraries\com\paulscode\codecwav\20101023\codecwav-20101023.jar;..\jars\libraries\tv\twitch\twitch-platform\6.5\twitch-platform-6.5-natives-windows-64.jar;..\jars\libraries\net\java\jinput\jinput-platform\2.0.5\jinput-platform-2.0.5-natives-windows.jar;..\jars\libraries\org\apache\logging\log4j\log4j-core\2.0-beta9\log4j-core-2.0-beta9.jar;..\jars\libraries\org\apache\httpcomponents\httpclient\4.3.3\httpclient-4.3.3.jar" -Djava.library.path=..\jars\versions\1.8\1.8-natives Start' returned non-zero exit status -805306369
16:41:06 - "scalac" is not found on the PATH.  Scala files will not be recompiled
16:41:18 - !! Can not find server sources, try decompiling !!
16:41:31 - "scalac" is not found on the PATH.  Scala files will not be recompiled
17:59:01 - "scalac" is not found on the PATH.  Scala files will not be recompiled
17:59:14 - !! Can not find server sources, try decompiling !!
17:59:34 - "scalac" is not found on the PATH.  Scala files will not be recompiled
