[17:57:02] [Client thread/ERROR]: Can't find the resource index file: assets\indexes\1.8.json
[17:57:02] [Client thread/INFO]: Setting user: Player250
[17:57:02] [Client thread/INFO]: (Session ID is token:0:Player250)
[17:57:03] [Client thread/INFO]: 

          _____                   _____                   _____                   _____                   _____                  _______                  _____          
         /\    \                 /\    \                 /\    \                 /\    \                 /\    \                /::\    \                /\    \         
        /::\    \               /::\    \               /::\____\               /::\    \               /::\____\              /::::\    \              /::\    \        
       /::::\    \              \:::\    \             /::::|   |              /::::\    \             /::::|   |             /::::::\    \            /::::\    \       
      /::::::\    \              \:::\    \           /:::::|   |             /::::::\    \           /:::::|   |            /::::::::\    \          /::::::\    \      
     /:::/\:::\    \              \:::\    \         /::::::|   |            /:::/\:::\    \         /::::::|   |           /:::/~~\:::\    \        /:::/\:::\    \     
    /:::/__\:::\    \              \:::\    \       /:::/|::|   |           /:::/  \:::\    \       /:::/|::|   |          /:::/    \:::\    \      /:::/  \:::\    \    
   /::::\   \:::\    \             /::::\    \     /:::/ |::|   |          /:::/    \:::\    \     /:::/ |::|   |         /:::/    / \:::\    \    /:::/    \:::\    \   
  /::::::\   \:::\    \   ____    /::::::\    \   /:::/  |::|   | _____   /:::/    / \:::\    \   /:::/  |::|___|______  /:::/____/   \:::\____\  /:::/    / \:::\    \  
 /:::/\:::\   \:::\____\ /\   \  /:::/\:::\    \ /:::/   |::|   |/\    \ /:::/    /   \:::\ ___\ /:::/   |::::::::\    \|:::|    |     |:::|    |/:::/    /   \:::\ ___\ 
/:::/  \:::\   \:::|    /::\   \/:::/  \:::\____/:: /    |::|   /::\____/:::/____/  ___\:::|    /:::/    |:::::::::\____|:::|____|     |:::|    /:::/____/     \:::|    |
\::/    \:::\  /:::|____\:::\  /:::/    \::/    \::/    /|::|  /:::/    \:::\    \ /\  /:::|____\::/    / ~~~~~/:::/    /\:::\    \   /:::/    /\:::\    \     /:::|____|
 \/_____/\:::\/:::/    / \:::\/:::/    / \/____/ \/____/ |::| /:::/    / \:::\    /::\ \::/    / \/____/      /:::/    /  \:::\    \ /:::/    /  \:::\    \   /:::/    / 
          \::::::/    /   \::::::/    /                  |::|/:::/    /   \:::\   \:::\ \/____/              /:::/    /    \:::\    /:::/    /    \:::\    \ /:::/    /  
           \::::/    /     \::::/____/                   |::::::/    /     \:::\   \:::\____\               /:::/    /      \:::\__/:::/    /      \:::\    /:::/    /   
            \::/____/       \:::\    \                   |:::::/    /       \:::\  /:::/    /              /:::/    /        \::::::::/    /        \:::\  /:::/    /    
             ~~              \:::\    \                  |::::/    /         \:::\/:::/    /              /:::/    /          \::::::/    /          \:::\/:::/    /     
                              \:::\    \                 /:::/    /           \::::::/    /              /:::/    /            \::::/    /            \::::::/    /      
                               \:::\____\               /:::/    /             \::::/    /              /:::/    /              \::/____/              \::::/    /       
                                \::/    /               \::/    /               \::/____/               \::/    /                ~~                     \::/____/        
                                 \/____/                 \/____/                                         \/____/                                         ~~              
                                                                                                                                                                         


[17:57:03] [Client thread/INFO]: 

  _                 __  __      __  __           _                  
 | |               |  \/  |    |  \/  |         | |                 
 | |__  _   _      | \  / |_ __| \  / |_   _ ___| |_ ___ _ __ _   _ 
 | '_ \| | | |     | |\/| | '__| |\/| | | | / __| __/ _ \ '__| | | |
 | |_) | |_| |     | |  | | |  | |  | | |_| \__ \ ||  __/ |  | |_| |
 |_.__/ \__, |     |_|  |_|_|  |_|  |_|\__, |___/\__\___|_|   \__, |
         __/ |                          __/ |                  __/ |
        |___/                          |___/                  |___/ 


[17:57:03] [Client thread/INFO]: LWJGL Version: 2.9.1
[17:57:03] [Client thread/INFO]: Reloading ResourceManager: Default
[17:57:03] [Sound Library Loader/INFO]: Starting up SoundSystem...
[17:57:03] [Thread-6/INFO]: Initializing LWJGL OpenAL
[17:57:03] [Thread-6/INFO]: (The LWJGL binding of OpenAL.  For more information, see http://www.lwjgl.org)
[17:57:03] [Thread-6/INFO]: OpenAL initialized.
[17:57:04] [Sound Library Loader/INFO]: Sound engine started
[17:57:05] [Client thread/INFO]: Created: 512x512 textures-atlas
[17:58:51] [Client thread/INFO]: Stopping!
[17:58:51] [Client thread/INFO]: SoundSystem shutting down...
[17:58:51] [Client thread/WARN]: Author: Paul Lamb, www.paulscode.com
